<?xml version="1.0" encoding="UTF-8"?>
<testsuite xmlns:xsi="http://www.w3.org/2001/XMLSchema-instance" xsi:noNamespaceSchemaLocation="https://maven.apache.org/surefire/maven-surefire-plugin/xsd/surefire-test-report.xsd" name="nt.MavenProject.AppTest" time="0.063" tests="3" errors="0" skipped="0" failures="0">
  <properties>
[...]
</properties>
  <testcase name="addMixed" classname="nt.MavenProject.AppTest" time="0.02"/>
  <testcase name="addnegative" classname="nt.MavenProject.AppTest" time="0"/>
  <testcase name="addPositve" classname="nt.MavenProject.AppTest" time="0"/>
</testsuite>